\BOOKMARK [1][-]{section.1}{Task 1: Cluster Analysis}{}% 1
\BOOKMARK [1][-]{section.2}{Introduction}{}% 2
\BOOKMARK [1][-]{section.3}{Methodology}{}% 3
\BOOKMARK [1][-]{section.4}{Results and Interpretation}{}% 4
\BOOKMARK [2][-]{subsection.4.1}{Climate Viariables}{section.4}% 5
\BOOKMARK [2][-]{subsection.4.2}{Years \(1960 -2010\)}{section.4}% 6
\BOOKMARK [1][-]{section.5}{Conclusion}{}% 7
\BOOKMARK [1][-]{section.6}{Task 2: Principal Component Analysis \(PCA\)}{}% 8
\BOOKMARK [1][-]{section.7}{Introduction}{}% 9
\BOOKMARK [1][-]{section.8}{Methodology}{}% 10
\BOOKMARK [1][-]{section.9}{Results and Interpretation}{}% 11
\BOOKMARK [1][-]{section.10}{Conclusion}{}% 12
\BOOKMARK [1][-]{section.11}{Task 3: Time-Series Analysis }{}% 13
\BOOKMARK [1][-]{section.12}{Introducttion}{}% 14
\BOOKMARK [1][-]{section.13}{Methodology}{}% 15
\BOOKMARK [1][-]{section.14}{Results and Interpretation}{}% 16
\BOOKMARK [2][-]{subsection.14.1}{Plot of PRED and TMPD time series}{section.14}% 17
\BOOKMARK [2][-]{subsection.14.2}{Detrended TMPD}{section.14}% 18
\BOOKMARK [2][-]{subsection.14.3}{Correlogram for PRED and DTMPD}{section.14}% 19
\BOOKMARK [2][-]{subsection.14.4}{Cross-correlation of PRED and DTMPD}{section.14}% 20
\BOOKMARK [1][-]{section.15}{Conclusion}{}% 21
\BOOKMARK [1][-]{section.16}{Task 4: Spectral and Wavelet Analysis}{}% 22
\BOOKMARK [1][-]{section.17}{Introduction}{}% 23
\BOOKMARK [1][-]{section.18}{Methodology}{}% 24
\BOOKMARK [1][-]{section.19}{Results and Interpretation}{}% 25
\BOOKMARK [1][-]{section.20}{Conclusion}{}% 26
