\BOOKMARK [1][-]{section.1}{Task 1: Cluster Analysis}{}% 1
\BOOKMARK [2][-]{subsection.1.1}{Introduction}{section.1}% 2
\BOOKMARK [2][-]{subsection.1.2}{Methodology}{section.1}% 3
\BOOKMARK [2][-]{subsection.1.3}{Results and Interpretation}{section.1}% 4
\BOOKMARK [3][-]{subsubsection.1.3.1}{Climate Viariables}{subsection.1.3}% 5
\BOOKMARK [3][-]{subsubsection.1.3.2}{Years \(1960 -2010\)}{subsection.1.3}% 6
\BOOKMARK [2][-]{subsection.1.4}{Conclusion}{section.1}% 7
\BOOKMARK [1][-]{section.2}{Task 2: Principal Component Analysis \(PCA\)}{}% 8
\BOOKMARK [2][-]{subsection.2.1}{Introduction}{section.2}% 9
\BOOKMARK [2][-]{subsection.2.2}{Methodology}{section.2}% 10
\BOOKMARK [2][-]{subsection.2.3}{Results and Interpretation}{section.2}% 11
\BOOKMARK [2][-]{subsection.2.4}{Conclusion}{section.2}% 12
\BOOKMARK [1][-]{section.3}{Task 3: Time-Series Analysis }{}% 13
\BOOKMARK [2][-]{subsection.3.1}{Introducttion}{section.3}% 14
\BOOKMARK [2][-]{subsection.3.2}{Methodology}{section.3}% 15
\BOOKMARK [2][-]{subsection.3.3}{Results and Interpretation}{section.3}% 16
\BOOKMARK [3][-]{subsubsection.3.3.1}{Plot of PRED and TMPD time series}{subsection.3.3}% 17
\BOOKMARK [3][-]{subsubsection.3.3.2}{Detrended TMPD}{subsection.3.3}% 18
\BOOKMARK [3][-]{subsubsection.3.3.3}{Correlogram for PRED and DTMPD}{subsection.3.3}% 19
\BOOKMARK [3][-]{subsubsection.3.3.4}{Cross-correlation of PRED and DTMPD}{subsection.3.3}% 20
\BOOKMARK [2][-]{subsection.3.4}{Conclusion}{section.3}% 21
\BOOKMARK [1][-]{section.4}{Task 4: Spectral and Wavelet Analysis}{}% 22
\BOOKMARK [2][-]{subsection.4.1}{Introduction}{section.4}% 23
\BOOKMARK [2][-]{subsection.4.2}{Methodology}{section.4}% 24
\BOOKMARK [2][-]{subsection.4.3}{Results and Interpretation}{section.4}% 25
\BOOKMARK [3][-]{subsubsection.4.3.1}{Spectral analysis}{subsection.4.3}% 26
\BOOKMARK [3][-]{subsubsection.4.3.2}{Wavelet analysis}{subsection.4.3}% 27
\BOOKMARK [2][-]{subsection.4.4}{Conclusion}{section.4}% 28
